<?xml version="1.0" encoding="UTF-8"?>
<!-- Generated by org.testng.reporters.JUnitXMLReporter -->
<testsuite ignored="0" hostname="DESKTOP-9IQADKV" failures="0" tests="4" name="Test" time="0.03" errors="0" timestamp="01 Jul 2019 16:31:31 GMT">
  <testcase classname="computestltd.SeleniumTest" name="BrowserAutomation" time="0.006"/>
  <testcase classname="computestltd.SeleniumTest" name="elementsUI" time="0.0"/>
  <testcase classname="computestltd.RestAPITest" name="deleteTwitter" time="0.0"/>
  <testcase classname="computestltd.RestAPITest" name="postJira" time="0.0"/>
</testsuite> <!-- Test -->
