<?xml version="1.0" encoding="UTF-8"?>
<testng-results ignored="0" total="4" passed="4" failed="0" skipped="0">
  <reporter-output>
  </reporter-output>
  <suite started-at="2019-07-01T16:31:31Z" name="Suite" finished-at="2019-07-01T16:31:31Z" duration-ms="30">
    <groups>
    </groups>
    <test started-at="2019-07-01T16:31:31Z" name="Test" finished-at="2019-07-01T16:31:31Z" duration-ms="30">
      <class name="computestltd.RestAPITest">
        <test-method signature="postJira()[pri:0, instance:computestltd.RestAPITest@491666ad]" started-at="2019-07-01T16:31:31Z" name="postJira" finished-at="2019-07-01T16:31:31Z" duration-ms="0" status="PASS">
          <reporter-output>
          </reporter-output>
        </test-method> <!-- postJira -->
        <test-method signature="deleteTwitter()[pri:0, instance:computestltd.RestAPITest@491666ad]" started-at="2019-07-01T16:31:31Z" name="deleteTwitter" finished-at="2019-07-01T16:31:31Z" duration-ms="0" status="PASS">
          <reporter-output>
          </reporter-output>
        </test-method> <!-- deleteTwitter -->
      </class> <!-- computestltd.RestAPITest -->
      <class name="computestltd.SeleniumTest">
        <test-method signature="BrowserAutomation()[pri:0, instance:computestltd.SeleniumTest@3b2c72c2]" started-at="2019-07-01T16:31:31Z" name="BrowserAutomation" finished-at="2019-07-01T16:31:31Z" duration-ms="6" status="PASS">
          <reporter-output>
          </reporter-output>
        </test-method> <!-- BrowserAutomation -->
        <test-method signature="elementsUI()[pri:0, instance:computestltd.SeleniumTest@3b2c72c2]" started-at="2019-07-01T16:31:31Z" name="elementsUI" finished-at="2019-07-01T16:31:31Z" duration-ms="0" status="PASS">
          <reporter-output>
          </reporter-output>
        </test-method> <!-- elementsUI -->
      </class> <!-- computestltd.SeleniumTest -->
    </test> <!-- Test -->
  </suite> <!-- Suite -->
</testng-results>
