<?xml version="1.0" encoding="UTF-8"?>
<testng-results skipped="0" failed="0" ignored="0" total="2" passed="2">
  <reporter-output>
  </reporter-output>
  <suite name="Default suite" duration-ms="60" started-at="2019-07-03T09:51:34Z" finished-at="2019-07-03T09:51:34Z">
    <groups>
    </groups>
    <test name="Default test" duration-ms="60" started-at="2019-07-03T09:51:34Z" finished-at="2019-07-03T09:51:34Z">
      <class name="computestltd.SeleniumTest">
        <test-method status="PASS" signature="BrowserAutomation()[pri:0, instance:computestltd.SeleniumTest@6500df86]" name="BrowserAutomation" duration-ms="17" started-at="2019-07-03T09:51:34Z" finished-at="2019-07-03T09:51:34Z">
          <reporter-output>
          </reporter-output>
        </test-method> <!-- BrowserAutomation -->
        <test-method status="PASS" signature="elementsUI()[pri:0, instance:computestltd.SeleniumTest@6500df86]" name="elementsUI" duration-ms="2" started-at="2019-07-03T09:51:34Z" finished-at="2019-07-03T09:51:34Z">
          <reporter-output>
          </reporter-output>
        </test-method> <!-- elementsUI -->
      </class> <!-- computestltd.SeleniumTest -->
    </test> <!-- Default test -->
  </suite> <!-- Default suite -->
</testng-results>
